[17-Sep-2025 12:26:02 UTC] PHP Parse error:  syntax error, unexpected token ")" in C:\Users\Huertas Family\Local Sites\fictional-university\app\public\wp-content\themes\fictional-university-theme\index.php on line 3
[01-Oct-2025 16:13:21 UTC] PHP Parse error:  Unclosed '{' on line 4 does not match ')' in C:\Users\Huertas Family\Local Sites\fictional-university\app\public\wp-content\themes\fictional-university-theme\functions.php on line 5
[01-Oct-2025 16:13:21 UTC] PHP Parse error:  Unclosed '{' on line 4 does not match ')' in C:\Users\Huertas Family\Local Sites\fictional-university\app\public\wp-content\themes\fictional-university-theme\functions.php on line 5
[01-Oct-2025 18:42:45 UTC] PHP Parse error:  syntax error, unexpected end of file in C:\Users\Huertas Family\Local Sites\fictional-university\app\public\wp-content\themes\fictional-university-theme\functions.php on line 14
[01-Oct-2025 18:42:45 UTC] PHP Warning:  Trying to access array offset on value of type bool in C:\Users\Huertas Family\Local Sites\fictional-university\app\public\wp-includes\class-wp-recovery-mode-email-service.php on line 367
[01-Oct-2025 18:42:45 UTC] PHP Warning:  Trying to access array offset on value of type bool in C:\Users\Huertas Family\Local Sites\fictional-university\app\public\wp-includes\class-wp-recovery-mode-email-service.php on line 368
[01-Oct-2025 18:44:13 UTC] PHP Parse error:  syntax error, unexpected end of file in C:\Users\Huertas Family\Local Sites\fictional-university\app\public\wp-content\themes\fictional-university-theme\functions.php on line 14
[01-Oct-2025 18:44:13 UTC] PHP Parse error:  syntax error, unexpected end of file in C:\Users\Huertas Family\Local Sites\fictional-university\app\public\wp-content\themes\fictional-university-theme\functions.php on line 14
[01-Oct-2025 18:44:46 UTC] PHP Parse error:  syntax error, unexpected end of file in C:\Users\Huertas Family\Local Sites\fictional-university\app\public\wp-content\themes\fictional-university-theme\functions.php on line 14
[02-Oct-2025 15:40:10 UTC] PHP Warning:  Undefined variable $theParent in C:\Users\Huertas Family\Local Sites\fictional-university\app\public\wp-content\themes\fictional-university-theme\page.php on line 22
[02-Oct-2025 15:40:11 UTC] PHP Warning:  Undefined variable $theParent in C:\Users\Huertas Family\Local Sites\fictional-university\app\public\wp-content\themes\fictional-university-theme\page.php on line 22
[10-Oct-2025 16:49:16 UTC] PHP Parse error:  syntax error, unexpected identifier "add_theme_support" in C:\Users\Huertas Family\Local Sites\fictional-university\app\public\wp-content\themes\fictional-university-theme\functions.php on line 17
[10-Oct-2025 16:49:16 UTC] PHP Warning:  Trying to access array offset on value of type bool in C:\Users\Huertas Family\Local Sites\fictional-university\app\public\wp-includes\class-wp-recovery-mode-email-service.php on line 367
[10-Oct-2025 16:49:16 UTC] PHP Warning:  Trying to access array offset on value of type bool in C:\Users\Huertas Family\Local Sites\fictional-university\app\public\wp-includes\class-wp-recovery-mode-email-service.php on line 368
[13-Oct-2025 20:12:09 UTC] PHP Warning:  Array to string conversion in C:\Users\Huertas Family\Local Sites\fictional-university\app\public\wp-content\themes\fictional-university-theme\index.php on line 22
[13-Oct-2025 20:12:09 UTC] PHP Warning:  Array to string conversion in C:\Users\Huertas Family\Local Sites\fictional-university\app\public\wp-content\themes\fictional-university-theme\index.php on line 22
[13-Oct-2025 20:13:45 UTC] PHP Warning:  Array to string conversion in C:\Users\Huertas Family\Local Sites\fictional-university\app\public\wp-content\themes\fictional-university-theme\index.php on line 22
[13-Oct-2025 20:13:45 UTC] PHP Warning:  Array to string conversion in C:\Users\Huertas Family\Local Sites\fictional-university\app\public\wp-content\themes\fictional-university-theme\index.php on line 22
[13-Oct-2025 20:13:46 UTC] PHP Warning:  Array to string conversion in C:\Users\Huertas Family\Local Sites\fictional-university\app\public\wp-content\themes\fictional-university-theme\index.php on line 22
[13-Oct-2025 20:13:46 UTC] PHP Warning:  Array to string conversion in C:\Users\Huertas Family\Local Sites\fictional-university\app\public\wp-content\themes\fictional-university-theme\index.php on line 22
[13-Oct-2025 20:14:06 UTC] PHP Warning:  Array to string conversion in C:\Users\Huertas Family\Local Sites\fictional-university\app\public\wp-content\themes\fictional-university-theme\index.php on line 22
[13-Oct-2025 20:14:06 UTC] PHP Warning:  Array to string conversion in C:\Users\Huertas Family\Local Sites\fictional-university\app\public\wp-content\themes\fictional-university-theme\index.php on line 22
[13-Oct-2025 20:14:06 UTC] PHP Warning:  Array to string conversion in C:\Users\Huertas Family\Local Sites\fictional-university\app\public\wp-content\themes\fictional-university-theme\index.php on line 22
[13-Oct-2025 20:14:07 UTC] PHP Warning:  Array to string conversion in C:\Users\Huertas Family\Local Sites\fictional-university\app\public\wp-content\themes\fictional-university-theme\index.php on line 22
[13-Oct-2025 20:14:07 UTC] PHP Warning:  Array to string conversion in C:\Users\Huertas Family\Local Sites\fictional-university\app\public\wp-content\themes\fictional-university-theme\index.php on line 22
[13-Oct-2025 20:14:07 UTC] PHP Warning:  Array to string conversion in C:\Users\Huertas Family\Local Sites\fictional-university\app\public\wp-content\themes\fictional-university-theme\index.php on line 22
[14-Oct-2025 17:57:46 UTC] PHP Warning:  Undefined variable $theParent in C:\Users\Huertas Family\Local Sites\fictional-university\app\public\wp-content\themes\fictional-university-theme\single.php on line 20
[14-Oct-2025 17:57:57 UTC] PHP Warning:  Undefined variable $theParent in C:\Users\Huertas Family\Local Sites\fictional-university\app\public\wp-content\themes\fictional-university-theme\single.php on line 20
[14-Oct-2025 17:58:33 UTC] PHP Warning:  Undefined variable $theParent in C:\Users\Huertas Family\Local Sites\fictional-university\app\public\wp-content\themes\fictional-university-theme\single.php on line 20
[14-Oct-2025 17:58:35 UTC] PHP Warning:  Undefined variable $theParent in C:\Users\Huertas Family\Local Sites\fictional-university\app\public\wp-content\themes\fictional-university-theme\single.php on line 20
[14-Oct-2025 17:58:35 UTC] PHP Warning:  Undefined variable $theParent in C:\Users\Huertas Family\Local Sites\fictional-university\app\public\wp-content\themes\fictional-university-theme\single.php on line 20
[14-Oct-2025 18:32:56 UTC] PHP Parse error:  syntax error, unexpected identifier "the_author", expecting "," or ";" in C:\Users\Huertas Family\Local Sites\fictional-university\app\public\wp-content\themes\fictional-university-theme\archive.php on line 12
[17-Oct-2025 18:39:09 UTC] PHP Fatal error:  Uncaught TypeError: call_user_func_array(): Argument #1 ($callback) must be a valid callback, function "university_post_types" not found or invalid function name in C:\Users\Huertas Family\Local Sites\fictional-university\app\public\wp-includes\class-wp-hook.php:324
Stack trace:
#0 C:\Users\Huertas Family\Local Sites\fictional-university\app\public\wp-includes\class-wp-hook.php(348): WP_Hook->apply_filters(NULL, Array)
#1 C:\Users\Huertas Family\Local Sites\fictional-university\app\public\wp-includes\plugin.php(517): WP_Hook->do_action(Array)
#2 C:\Users\Huertas Family\Local Sites\fictional-university\app\public\wp-settings.php(727): do_action('init')
#3 C:\Users\Huertas Family\Local Sites\fictional-university\app\public\wp-config.php(103): require_once('C:\\Users\\Huerta...')
#4 C:\Users\Huertas Family\Local Sites\fictional-university\app\public\wp-load.php(50): require_once('C:\\Users\\Huerta...')
#5 C:\Users\Huertas Family\Local Sites\fictional-university\app\public\wp-admin\admin-ajax.php(22): require_once('C:\\Users\\Huerta...')
#6 {main}
  thrown in C:\Users\Huertas Family\Local Sites\fictional-university\app\public\wp-includes\class-wp-hook.php on line 324
[17-Oct-2025 18:41:10 UTC] PHP Fatal error:  Uncaught TypeError: call_user_func_array(): Argument #1 ($callback) must be a valid callback, function "university_post_types" not found or invalid function name in C:\Users\Huertas Family\Local Sites\fictional-university\app\public\wp-includes\class-wp-hook.php:324
Stack trace:
#0 C:\Users\Huertas Family\Local Sites\fictional-university\app\public\wp-includes\class-wp-hook.php(348): WP_Hook->apply_filters(NULL, Array)
#1 C:\Users\Huertas Family\Local Sites\fictional-university\app\public\wp-includes\plugin.php(517): WP_Hook->do_action(Array)
#2 C:\Users\Huertas Family\Local Sites\fictional-university\app\public\wp-settings.php(727): do_action('init')
#3 C:\Users\Huertas Family\Local Sites\fictional-university\app\public\wp-config.php(103): require_once('C:\\Users\\Huerta...')
#4 C:\Users\Huertas Family\Local Sites\fictional-university\app\public\wp-load.php(50): require_once('C:\\Users\\Huerta...')
#5 C:\Users\Huertas Family\Local Sites\fictional-university\app\public\wp-admin\admin-ajax.php(22): require_once('C:\\Users\\Huerta...')
#6 {main}
  thrown in C:\Users\Huertas Family\Local Sites\fictional-university\app\public\wp-includes\class-wp-hook.php on line 324
[17-Oct-2025 18:43:11 UTC] PHP Fatal error:  Uncaught TypeError: call_user_func_array(): Argument #1 ($callback) must be a valid callback, function "university_post_types" not found or invalid function name in C:\Users\Huertas Family\Local Sites\fictional-university\app\public\wp-includes\class-wp-hook.php:324
Stack trace:
#0 C:\Users\Huertas Family\Local Sites\fictional-university\app\public\wp-includes\class-wp-hook.php(348): WP_Hook->apply_filters(NULL, Array)
#1 C:\Users\Huertas Family\Local Sites\fictional-university\app\public\wp-includes\plugin.php(517): WP_Hook->do_action(Array)
#2 C:\Users\Huertas Family\Local Sites\fictional-university\app\public\wp-settings.php(727): do_action('init')
#3 C:\Users\Huertas Family\Local Sites\fictional-university\app\public\wp-config.php(103): require_once('C:\\Users\\Huerta...')
#4 C:\Users\Huertas Family\Local Sites\fictional-university\app\public\wp-load.php(50): require_once('C:\\Users\\Huerta...')
#5 C:\Users\Huertas Family\Local Sites\fictional-university\app\public\wp-admin\admin-ajax.php(22): require_once('C:\\Users\\Huerta...')
#6 {main}
  thrown in C:\Users\Huertas Family\Local Sites\fictional-university\app\public\wp-includes\class-wp-hook.php on line 324
[17-Oct-2025 18:44:50 UTC] PHP Parse error:  syntax error, unexpected end of file in C:\Users\Huertas Family\Local Sites\fictional-university\app\public\wp-content\themes\fictional-university-theme\functions.php on line 28
[17-Oct-2025 18:44:50 UTC] PHP Warning:  Trying to access array offset on value of type bool in C:\Users\Huertas Family\Local Sites\fictional-university\app\public\wp-includes\class-wp-recovery-mode-email-service.php on line 367
[17-Oct-2025 18:44:50 UTC] PHP Warning:  Trying to access array offset on value of type bool in C:\Users\Huertas Family\Local Sites\fictional-university\app\public\wp-includes\class-wp-recovery-mode-email-service.php on line 368
[17-Oct-2025 18:44:52 UTC] PHP Parse error:  syntax error, unexpected end of file in C:\Users\Huertas Family\Local Sites\fictional-university\app\public\wp-content\themes\fictional-university-theme\functions.php on line 28
[17-Oct-2025 18:44:54 UTC] PHP Parse error:  syntax error, unexpected end of file in C:\Users\Huertas Family\Local Sites\fictional-university\app\public\wp-content\themes\fictional-university-theme\functions.php on line 28
[17-Oct-2025 18:44:57 UTC] PHP Parse error:  syntax error, unexpected end of file in C:\Users\Huertas Family\Local Sites\fictional-university\app\public\wp-content\themes\fictional-university-theme\functions.php on line 28
[17-Oct-2025 18:44:57 UTC] PHP Parse error:  syntax error, unexpected end of file in C:\Users\Huertas Family\Local Sites\fictional-university\app\public\wp-content\themes\fictional-university-theme\functions.php on line 28
[17-Oct-2025 18:48:24 UTC] PHP Parse error:  syntax error, unexpected token ";", expecting ")" in C:\Users\Huertas Family\Local Sites\fictional-university\app\public\wp-content\themes\fictional-university-theme\functions.php on line 23
[23-Oct-2025 18:24:51 UTC] PHP Parse error:  syntax error, unexpected token ")" in C:\Users\Huertas Family\Local Sites\fictional-university\app\public\wp-content\themes\fictional-university-theme\functions.php on line 23
[23-Oct-2025 18:24:51 UTC] PHP Parse error:  syntax error, unexpected token ")" in C:\Users\Huertas Family\Local Sites\fictional-university\app\public\wp-content\themes\fictional-university-theme\functions.php on line 23
[23-Oct-2025 18:29:42 UTC] PHP Parse error:  syntax error, unexpected token ")" in C:\Users\Huertas Family\Local Sites\fictional-university\app\public\wp-content\themes\fictional-university-theme\functions.php on line 23
[23-Oct-2025 18:29:42 UTC] PHP Warning:  Trying to access array offset on value of type bool in C:\Users\Huertas Family\Local Sites\fictional-university\app\public\wp-includes\class-wp-recovery-mode-email-service.php on line 367
[23-Oct-2025 18:29:42 UTC] PHP Warning:  Trying to access array offset on value of type bool in C:\Users\Huertas Family\Local Sites\fictional-university\app\public\wp-includes\class-wp-recovery-mode-email-service.php on line 368
[23-Oct-2025 18:29:42 UTC] PHP Parse error:  syntax error, unexpected token ")" in C:\Users\Huertas Family\Local Sites\fictional-university\app\public\wp-content\themes\fictional-university-theme\functions.php on line 23
[23-Oct-2025 18:29:45 UTC] PHP Parse error:  syntax error, unexpected token ")" in C:\Users\Huertas Family\Local Sites\fictional-university\app\public\wp-content\themes\fictional-university-theme\functions.php on line 23
[23-Oct-2025 18:29:45 UTC] PHP Parse error:  syntax error, unexpected token ")" in C:\Users\Huertas Family\Local Sites\fictional-university\app\public\wp-content\themes\fictional-university-theme\functions.php on line 23
[23-Oct-2025 18:31:24 UTC] PHP Parse error:  syntax error, unexpected token ")" in C:\Users\Huertas Family\Local Sites\fictional-university\app\public\wp-content\themes\fictional-university-theme\functions.php on line 23
[23-Oct-2025 18:31:24 UTC] PHP Parse error:  syntax error, unexpected token ")" in C:\Users\Huertas Family\Local Sites\fictional-university\app\public\wp-content\themes\fictional-university-theme\functions.php on line 23
